Using pre-set license
Built from '2020.2/staging' branch; Version is '2020.2.3f1 (8ff31bc5bf5b) revision 9433883'; Using compiler version '192528614'; Build Type 'Release'
OS: 'Windows 10 Pro; OS build 18363.1440; Version 1909; 64bit' Language: 'ru' Physical Memory: 4010 MB
BatchMode: 1, IsHumanControllingUs: 0, StartBugReporterOnCrash: 0, Is64bit: 1, IsPro: 0

 COMMAND LINE ARGUMENTS:
C:\Program Files\Unity\Hub\Editor\2020.2.3f1\Editor\Unity.exe
-adb2
-batchMode
-noUpm
-name
AssetImportWorker0
-projectPath
C:/Users/admin/Documents/city/city
-logFile
Logs/AssetImportWorker0.log
-srvPort
63252
Successfully changed project path to: C:/Users/admin/Documents/city/city
C:/Users/admin/Documents/city/city
Using Asset Import Pipeline V2.
Refreshing native plugins compatible for Editor in 60.64 ms, found 0 plugins.
Preloading 0 native plugins for Editor in 0.00 ms.
Initialize engine version: 2020.2.3f1 (8ff31bc5bf5b)
[Subsystems] Discovering subsystems at path C:/Program Files/Unity/Hub/Editor/2020.2.3f1/Editor/Data/Resources/UnitySubsystems
[Subsystems] Discovering subsystems at path C:/Users/admin/Documents/city/city/Assets
GfxDevice: creating device client; threaded=0
Direct3D:
    Version:  Direct3D 11.0 [level 11.1]
    Renderer: Intel(R) HD Graphics 520 (ID=0x1916)
    Vendor:   
    VRAM:     2005 MB
    Driver:   27.20.100.8681
Initialize mono
Mono path[0] = 'C:/Program Files/Unity/Hub/Editor/2020.2.3f1/Editor/Data/Managed'
Mono path[1] = 'C:/Program Files/Unity/Hub/Editor/2020.2.3f1/Editor/Data/MonoBleedingEdge/lib/mono/unityjit'
Mono config path = 'C:/Program Files/Unity/Hub/Editor/2020.2.3f1/Editor/Data/MonoBleedingEdge/etc'
Using monoOptions --debugger-agent=transport=dt_socket,embedding=1,server=y,suspend=n,address=127.0.0.1:56920
Begin MonoManager ReloadAssembly
Registering precompiled unity dll's ...
Register platform support module: C:/Program Files/Unity/Hub/Editor/2020.2.3f1/Editor/Data/PlaybackEngines/WebGLSupport/UnityEditor.WebGL.Extensions.dll
Register platform support module: C:/Program Files/Unity/Hub/Editor/2020.2.3f1/Editor/Data/PlaybackEngines/WindowsStandaloneSupport/UnityEditor.WindowsStandalone.Extensions.dll
Registered in 0.008251 seconds.
Native extension for WindowsStandalone target not found
Native extension for WebGL target not found
Refreshing native plugins compatible for Editor in 57.53 ms, found 0 plugins.
Preloading 0 native plugins for Editor in 0.00 ms.
Invoked RoslynAnalysisRunner static constructor.
RoslynAnalysisRunner will not be running.
RoslynAnalysisRunner has terminated.
Mono: successfully reloaded assembly
- Completed reload, in  5.025 seconds
Platform modules already initialized, skipping
Registering precompiled user dll's ...
Registered in 0.002788 seconds.
Begin MonoManager ReloadAssembly
Native extension for WindowsStandalone target not found
Native extension for WebGL target not found
Refreshing native plugins compatible for Editor in 0.35 ms, found 0 plugins.
Preloading 0 native plugins for Editor in 0.00 ms.
Invoked RoslynAnalysisRunner static constructor.
RoslynAnalysisRunner will not be running.
RoslynAnalysisRunner has terminated.
Mono: successfully reloaded assembly
- Completed reload, in  1.903 seconds
Platform modules already initialized, skipping
========================================================================
Worker process is ready to serve import requests
Launched and connected shader compiler UnityShaderCompiler.exe after 0.19 seconds
Refreshing native plugins compatible for Editor in 0.39 ms, found 0 plugins.
Preloading 0 native plugins for Editor in 0.00 ms.
Unloading 1125 Unused Serialized files (Serialized files now loaded: 0)
System memory in use before: 57.3 MB.
System memory in use after: 57.3 MB.

Unloading 10 unused Assets to reduce memory usage. Loaded Objects now: 1567.
Total: 4.523000 ms (FindLiveObjects: 0.184800 ms CreateObjectMapping: 0.061400 ms MarkObjects: 4.103500 ms  DeleteObjects: 0.170900 ms)

========================================================================
Received Import Request.
  path: Assets/Mapbox/Core/Plugins
  artifactKey: Guid(59e7e6a60c29840a5b9d84b2ee53671a) Importer(815301076,1909f56bfc062723c751e8b465ee728b)
Start importing Assets/Mapbox/Core/Plugins using Guid(59e7e6a60c29840a5b9d84b2ee53671a) Importer(815301076,1909f56bfc062723c751e8b465ee728b)  -> (artifact id: '5339979fdb6dfb0195d7697c7bb247ec') in 0.029577 seconds
  Import took 0.035628 seconds .

========================================================================
Received Import Request.
  Time since last request: 0.000921 seconds.
  path: Assets/Mapbox/Core/Plugins/ThirdParty/Mapbox.IO.Compression
  artifactKey: Guid(d48f48be6a9fdf541a5f1be3255c1fab) Importer(815301076,1909f56bfc062723c751e8b465ee728b)
Start importing Assets/Mapbox/Core/Plugins/ThirdParty/Mapbox.IO.Compression using Guid(d48f48be6a9fdf541a5f1be3255c1fab) Importer(815301076,1909f56bfc062723c751e8b465ee728b)  -> (artifact id: '931fcf9268f2a1e114f55b394fd16809') in 0.051612 seconds
  Import took 0.057251 seconds .

========================================================================
Received Import Request.
  Time since last request: 0.000393 seconds.
  path: Assets/Mapbox/Unity/Editor
  artifactKey: Guid(7910a23e9d0cc47fc9fb15102d280728) Importer(815301076,1909f56bfc062723c751e8b465ee728b)
Start importing Assets/Mapbox/Unity/Editor using Guid(7910a23e9d0cc47fc9fb15102d280728) Importer(815301076,1909f56bfc062723c751e8b465ee728b)  -> (artifact id: 'ab855fda30e0aaeb266cb98ed2306260') in 0.055960 seconds
  Import took 0.062780 seconds .

========================================================================
Received Import Request.
  Time since last request: 0.000869 seconds.
  path: Assets/Mapbox/Core/Plugins/ThirdParty/Mapbox.IO.Compression/net35
  artifactKey: Guid(24c715a612ec20a42a86ac2009f2abb7) Importer(815301076,1909f56bfc062723c751e8b465ee728b)
Start importing Assets/Mapbox/Core/Plugins/ThirdParty/Mapbox.IO.Compression/net35 using Guid(24c715a612ec20a42a86ac2009f2abb7) Importer(815301076,1909f56bfc062723c751e8b465ee728b)  -> (artifact id: '6d4b85c24127f884ecf489871c2d4d5b') in 0.045373 seconds
  Import took 0.051061 seconds .

========================================================================
Received Import Request.
  Time since last request: 0.000382 seconds.
  path: Assets/Mapbox/Unity/Editor/Build
  artifactKey: Guid(28d2b990a838d44e1b28195d8465d645) Importer(815301076,1909f56bfc062723c751e8b465ee728b)
Start importing Assets/Mapbox/Unity/Editor/Build using Guid(28d2b990a838d44e1b28195d8465d645) Importer(815301076,1909f56bfc062723c751e8b465ee728b)  -> (artifact id: 'f17d7818880f2e8f8099f8b00e170a6c') in 0.041523 seconds
  Import took 0.046174 seconds .

========================================================================
Received Import Request.
  Time since last request: 0.000327 seconds.
  path: Assets/Mapbox/Core/Plugins/ThirdParty
  artifactKey: Guid(c104ec983f3ab8449b282d2575d121be) Importer(815301076,1909f56bfc062723c751e8b465ee728b)
Start importing Assets/Mapbox/Core/Plugins/ThirdParty using Guid(c104ec983f3ab8449b282d2575d121be) Importer(815301076,1909f56bfc062723c751e8b465ee728b)  -> (artifact id: 'fe681377c4a6e302737ef8489d6d8a7e') in 0.041044 seconds
  Import took 0.045792 seconds .

========================================================================
Received Import Request.
  Time since last request: 0.000338 seconds.
  path: Assets/Mapbox/Unity/Editor/Build/Mapbox_iOS_build.cs
  artifactKey: Guid(4ab2c6d9be5e048179de762cb9bf3cd1) Importer(815301076,1909f56bfc062723c751e8b465ee728b)
Start importing Assets/Mapbox/Unity/Editor/Build/Mapbox_iOS_build.cs using Guid(4ab2c6d9be5e048179de762cb9bf3cd1) Importer(815301076,1909f56bfc062723c751e8b465ee728b)  -> (artifact id: '20d60b89b1a7216f6e2c231f197e6419') in 0.143401 seconds
  Import took 0.147069 seconds .

========================================================================
Received Import Request.
  Time since last request: 0.000316 seconds.
  path: Assets/Mapbox/Core/Plugins/ThirdParty/Mapbox.IO.Compression/net35/Mapbox.IO.Compression.pdb
  artifactKey: Guid(15bea0e3925df0d479a6ca124c9a3774) Importer(815301076,1909f56bfc062723c751e8b465ee728b)
Start importing Assets/Mapbox/Core/Plugins/ThirdParty/Mapbox.IO.Compression/net35/Mapbox.IO.Compression.pdb using Guid(15bea0e3925df0d479a6ca124c9a3774) Importer(815301076,1909f56bfc062723c751e8b465ee728b)  -> (artifact id: '1e54138fc075558c1b52d7e5fe68eb43') in 0.056405 seconds
  Import took 0.061412 seconds .

========================================================================
Received Import Request.
  Time since last request: 1.770409 seconds.
  path: Assets/Mapbox/Unity
  artifactKey: Guid(230696630f4b5443484cd2ab1a257186) Importer(815301076,1909f56bfc062723c751e8b465ee728b)
Start importing Assets/Mapbox/Unity using Guid(230696630f4b5443484cd2ab1a257186) Importer(815301076,1909f56bfc062723c751e8b465ee728b)  -> (artifact id: 'f5fa7815b80f6187abc8dd9d99d0c1c5') in 0.030068 seconds
  Import took 0.034488 seconds .

========================================================================
Received Prepare
Registering precompiled user dll's ...
Registered in 0.001774 seconds.
Begin MonoManager ReloadAssembly
Native extension for WindowsStandalone target not found
Native extension for WebGL target not found
Refreshing native plugins compatible for Editor in 0.35 ms, found 0 plugins.
Preloading 0 native plugins for Editor in 0.00 ms.
Invoked RoslynAnalysisRunner static constructor.
RoslynAnalysisRunner will not be running.
RoslynAnalysisRunner has terminated.
Mono: successfully reloaded assembly
- Completed reload, in  1.590 seconds
Platform modules already initialized, skipping
Refreshing native plugins compatible for Editor in 0.32 ms, found 0 plugins.
Preloading 0 native plugins for Editor in 0.00 ms.
Unloading 1119 Unused Serialized files (Serialized files now loaded: 0)
System memory in use before: 57.2 MB.
System memory in use after: 57.3 MB.

Unloading 5 unused Assets to reduce memory usage. Loaded Objects now: 1569.
Total: 2.917400 ms (FindLiveObjects: 0.208800 ms CreateObjectMapping: 0.047300 ms MarkObjects: 2.578000 ms  DeleteObjects: 0.081900 ms)

========================================================================
Received Import Request.
  Time since last request: 23.839167 seconds.
  path: Assets/UIRippleVfx/Documentation
  artifactKey: Guid(4e189600c606b4642a431b7a780fb3dd) Importer(815301076,1909f56bfc062723c751e8b465ee728b)
Start importing Assets/UIRippleVfx/Documentation using Guid(4e189600c606b4642a431b7a780fb3dd) Importer(815301076,1909f56bfc062723c751e8b465ee728b)  -> (artifact id: '4d958c08178056f70471bfc795342974') in 0.030753 seconds
  Import took 0.036089 seconds .

========================================================================
Received Import Request.
  Time since last request: 1.093852 seconds.
  path: Assets/UIRippleVfx/Documentation/Documentation.pdf
  artifactKey: Guid(da819203008a3164791a5f3a2616a99d) Importer(815301076,1909f56bfc062723c751e8b465ee728b)
Start importing Assets/UIRippleVfx/Documentation/Documentation.pdf using Guid(da819203008a3164791a5f3a2616a99d) Importer(815301076,1909f56bfc062723c751e8b465ee728b)  -> (artifact id: '412d508a30f576177fe8f7757add6c19') in 0.062373 seconds
  Import took 0.067752 seconds .

========================================================================
Received Import Request.
  Time since last request: 1.337157 seconds.
  path: Assets/UIRippleVfx/Scripts/UIRippleVfxAsm.asmdef
  artifactKey: Guid(af390718054b02f458caeba8725a31b1) Importer(815301076,1909f56bfc062723c751e8b465ee728b)
Start importing Assets/UIRippleVfx/Scripts/UIRippleVfxAsm.asmdef using Guid(af390718054b02f458caeba8725a31b1) Importer(815301076,1909f56bfc062723c751e8b465ee728b)  -> (artifact id: '9e12b4796cd01db7da9a9b087dae3c8d') in 0.076233 seconds
  Import took 0.080826 seconds .

========================================================================
Received Import Request.
  Time since last request: 1.085924 seconds.
  path: Assets/UIRippleVfx/Tests/UIRippleVfxTestsAsm.asmdef
  artifactKey: Guid(8eb96e77ccc3ee146b502de9dae5c855) Importer(815301076,1909f56bfc062723c751e8b465ee728b)
Start importing Assets/UIRippleVfx/Tests/UIRippleVfxTestsAsm.asmdef using Guid(8eb96e77ccc3ee146b502de9dae5c855) Importer(815301076,1909f56bfc062723c751e8b465ee728b)  -> (artifact id: '1afbca0f3a3327d8403e628c32557253') in 0.078824 seconds
  Import took 0.113207 seconds .

========================================================================
Received Prepare
Registering precompiled user dll's ...
Registered in 0.001953 seconds.
Begin MonoManager ReloadAssembly
Native extension for WindowsStandalone target not found
Native extension for WebGL target not found
Refreshing native plugins compatible for Editor in 0.39 ms, found 0 plugins.
Preloading 0 native plugins for Editor in 0.00 ms.
Invoked RoslynAnalysisRunner static constructor.
RoslynAnalysisRunner will not be running.
RoslynAnalysisRunner has terminated.
Mono: successfully reloaded assembly
- Completed reload, in  1.829 seconds
Platform modules already initialized, skipping
Refreshing native plugins compatible for Editor in 0.31 ms, found 0 plugins.
Preloading 0 native plugins for Editor in 0.00 ms.
Unloading 1097 Unused Serialized files (Serialized files now loaded: 0)
System memory in use before: 56.8 MB.
System memory in use after: 56.9 MB.

Unloading 27 unused Assets to reduce memory usage. Loaded Objects now: 1549.
Total: 3.090700 ms (FindLiveObjects: 0.239900 ms CreateObjectMapping: 0.061100 ms MarkObjects: 2.689900 ms  DeleteObjects: 0.098100 ms)

========================================================================
Received Import Request.
  Time since last request: 72.370558 seconds.
  path: Assets/CityGML-3.0CM-master/Implementations
  artifactKey: Guid(5a376a7b74ee37043a2a3d18b3d94018) Importer(815301076,1909f56bfc062723c751e8b465ee728b)
Start importing Assets/CityGML-3.0CM-master/Implementations using Guid(5a376a7b74ee37043a2a3d18b3d94018) Importer(815301076,1909f56bfc062723c751e8b465ee728b)  -> (artifact id: '83ba23e044fe3ed907da6cd1d9f153e2') in 0.036828 seconds
  Import took 0.044432 seconds .

========================================================================
Received Import Request.
  Time since last request: 0.780666 seconds.
  path: Assets/CityGML-3.0CM-master/Materials
  artifactKey: Guid(e7bec93d4368955469675334381d5c70) Importer(815301076,1909f56bfc062723c751e8b465ee728b)
Start importing Assets/CityGML-3.0CM-master/Materials using Guid(e7bec93d4368955469675334381d5c70) Importer(815301076,1909f56bfc062723c751e8b465ee728b)  -> (artifact id: 'a6ef40b13ae77c818a62e95cf1bf01de') in 0.029781 seconds
  Import took 0.034865 seconds .

========================================================================
Received Import Request.
  Time since last request: 0.072279 seconds.
  path: Assets/CityGML-3.0CM-master/Materials/unnamed.mat
  artifactKey: Guid(e2544e00b994b3d4f9801502446acdd0) Importer(815301076,1909f56bfc062723c751e8b465ee728b)
Start importing Assets/CityGML-3.0CM-master/Materials/unnamed.mat using Guid(e2544e00b994b3d4f9801502446acdd0) Importer(815301076,1909f56bfc062723c751e8b465ee728b)  -> (artifact id: '6d91fe0ec23386ae56d3e3e22eccd99e') in 0.257436 seconds
  Import took 0.263931 seconds .

========================================================================
Received Import Request.
  Time since last request: 6.343116 seconds.
  path: Assets/CityGML-3.0CM-master/Conceptual Model/CityGML 3.0 - Spaces and their allowed space boundaries.xlsx
  artifactKey: Guid(361503e6233d4554391943f92d0f63ca) Importer(815301076,1909f56bfc062723c751e8b465ee728b)
Start importing Assets/CityGML-3.0CM-master/Conceptual Model/CityGML 3.0 - Spaces and their allowed space boundaries.xlsx using Guid(361503e6233d4554391943f92d0f63ca) Importer(815301076,1909f56bfc062723c751e8b465ee728b)  -> (artifact id: 'c06c5b987bf42a9249696d2ab74fbb3d') in 0.039122 seconds
  Import took 0.044631 seconds .

========================================================================
Received Import Request.
  Time since last request: 1.762600 seconds.
  path: Assets/CityGML-3.0CM-master/Conceptual Model/CityGML 3.0 Conceptual Model - Notes on the Pre-Alpha Version.pdf
  artifactKey: Guid(61508421a400e214ba6ad808a9b97a7a) Importer(815301076,1909f56bfc062723c751e8b465ee728b)
Start importing Assets/CityGML-3.0CM-master/Conceptual Model/CityGML 3.0 Conceptual Model - Notes on the Pre-Alpha Version.pdf using Guid(61508421a400e214ba6ad808a9b97a7a) Importer(815301076,1909f56bfc062723c751e8b465ee728b)  -> (artifact id: '9524d4287b250c8ca578e10d8ce4f1d1') in 0.043831 seconds
  Import took 0.048367 seconds .

========================================================================
Received Import Request.
  Time since last request: 0.742132 seconds.
  path: Assets/CityGML-3.0CM-master/Conceptual Model/CityGML_3.0_Consolidated_Draft.eap
  artifactKey: Guid(b23257745e3078a4686a1f2e5992fce0) Importer(815301076,1909f56bfc062723c751e8b465ee728b)
Start importing Assets/CityGML-3.0CM-master/Conceptual Model/CityGML_3.0_Consolidated_Draft.eap using Guid(b23257745e3078a4686a1f2e5992fce0) Importer(815301076,1909f56bfc062723c751e8b465ee728b)  -> (artifact id: '661a3759965cf2b3799364bd8e61f214') in 0.240774 seconds
  Import took 0.246148 seconds .

========================================================================
Received Import Request.
  Time since last request: 5.859107 seconds.
  path: Assets/CityGML-3.0CM-master/Conceptual Model/Readme.md
  artifactKey: Guid(b2b0748918634b4498ca50cac03343db) Importer(815301076,1909f56bfc062723c751e8b465ee728b)
Start importing Assets/CityGML-3.0CM-master/Conceptual Model/Readme.md using Guid(b2b0748918634b4498ca50cac03343db) Importer(815301076,1909f56bfc062723c751e8b465ee728b)  -> (artifact id: 'bc6e71b666ec3f6b36d8971af9ce606f') in 0.044831 seconds
  Import took 0.050567 seconds .

========================================================================
Received Import Request.
  Time since last request: 0.588067 seconds.
  path: Assets/CityGML-3.0CM-master/Conceptual Model/CityGML_3.0_UML-Diagrams.pdf
  artifactKey: Guid(6dfe0ec2fb9d6474f823c974079035e5) Importer(815301076,1909f56bfc062723c751e8b465ee728b)
Start importing Assets/CityGML-3.0CM-master/Conceptual Model/CityGML_3.0_UML-Diagrams.pdf using Guid(6dfe0ec2fb9d6474f823c974079035e5) Importer(815301076,1909f56bfc062723c751e8b465ee728b)  -> (artifact id: '21c1c1d462b7c890b7f4839ba3993b37') in 0.053322 seconds
  Import took 0.061426 seconds .

========================================================================
Received Import Request.
  Time since last request: 2.049300 seconds.
  path: Assets/CityGML-3.0CM-master/Conceptual Model/archived
  artifactKey: Guid(5aa41ba670035cd4695f252f76d422e6) Importer(815301076,1909f56bfc062723c751e8b465ee728b)
Start importing Assets/CityGML-3.0CM-master/Conceptual Model/archived using Guid(5aa41ba670035cd4695f252f76d422e6) Importer(815301076,1909f56bfc062723c751e8b465ee728b)  -> (artifact id: '1899998e9980d61b828a228097c10a17') in 0.031273 seconds
  Import took 0.035923 seconds .

========================================================================
Received Import Request.
  Time since last request: 0.763231 seconds.
  path: Assets/CityGML-3.0CM-master/Conceptual Model/archived/CodeListCityGML3.0-2019.06.12.pdf
  artifactKey: Guid(83cd13e105420aa4890df690373666cf) Importer(815301076,1909f56bfc062723c751e8b465ee728b)
Start importing Assets/CityGML-3.0CM-master/Conceptual Model/archived/CodeListCityGML3.0-2019.06.12.pdf using Guid(83cd13e105420aa4890df690373666cf) Importer(815301076,1909f56bfc062723c751e8b465ee728b)  -> (artifact id: 'ef017789b9db6b63f01606721fbe412a') in 0.033758 seconds
  Import took 0.038407 seconds .

========================================================================
Received Import Request.
  Time since last request: 18.913793 seconds.
  path: Assets/CityGML-3.0CM-master/UML Profile
  artifactKey: Guid(fe47324fcd186c846b4a6e74d56c03c8) Importer(815301076,1909f56bfc062723c751e8b465ee728b)
Start importing Assets/CityGML-3.0CM-master/UML Profile using Guid(fe47324fcd186c846b4a6e74d56c03c8) Importer(815301076,1909f56bfc062723c751e8b465ee728b)  -> (artifact id: '1c72a937caa276e1cb78ba7685d2f317') in 0.030257 seconds
  Import took 0.034713 seconds .

========================================================================
Received Import Request.
  Time since last request: 14.053766 seconds.
  path: Assets/Scenes/Materials
  artifactKey: Guid(9ea1e092fb721434685d03a1c2fd9782) Importer(815301076,1909f56bfc062723c751e8b465ee728b)
Start importing Assets/Scenes/Materials using Guid(9ea1e092fb721434685d03a1c2fd9782) Importer(815301076,1909f56bfc062723c751e8b465ee728b)  -> (artifact id: '4949356c3bb4c55717425c176747dca2') in 0.019442 seconds
  Import took 0.025986 seconds .

========================================================================
Received Import Request.
  Time since last request: 0.800630 seconds.
  path: Assets/Scenes/Materials/GOOGLE_SAT_WM.mat
  artifactKey: Guid(7bd0b72e1c7c7b647ba6ba7fdfda8a1e) Importer(815301076,1909f56bfc062723c751e8b465ee728b)
Start importing Assets/Scenes/Materials/GOOGLE_SAT_WM.mat using Guid(7bd0b72e1c7c7b647ba6ba7fdfda8a1e) Importer(815301076,1909f56bfc062723c751e8b465ee728b)  -> (artifact id: 'bcb3c691b07076e1eef2e7b682290249') in 0.087257 seconds
  Import took 0.092427 seconds .

========================================================================
Received Import Request.
  Time since last request: 15.639282 seconds.
  path: Assets/Scenes/SampleScene.unity
  artifactKey: Guid(9fc0d4010bbf28b4594072e72b8655ab) Importer(815301076,1909f56bfc062723c751e8b465ee728b)
Start importing Assets/Scenes/SampleScene.unity using Guid(9fc0d4010bbf28b4594072e72b8655ab) Importer(815301076,1909f56bfc062723c751e8b465ee728b)  -> (artifact id: 'b1b0d91353f29932fbe94f0385255aef') in 0.030100 seconds
  Import took 0.036670 seconds .

========================================================================
Received Import Request.
  Time since last request: 0.532992 seconds.
  path: Assets/Scenes/mapbox-unity-sdk_v2.1.1.unitypackage
  artifactKey: Guid(d4a9736a851e0034b945ebae0d076386) Importer(815301076,1909f56bfc062723c751e8b465ee728b)
Start importing Assets/Scenes/mapbox-unity-sdk_v2.1.1.unitypackage using Guid(d4a9736a851e0034b945ebae0d076386) Importer(815301076,1909f56bfc062723c751e8b465ee728b)  -> (artifact id: '666b0752cb74f3526bf1fc594f91b7e7') in 0.033210 seconds
  Import took 0.038462 seconds .

========================================================================
Received Import Request.
  Time since last request: 190.133367 seconds.
  path: Assets/Scenes/CITY.fbx
  artifactKey: Guid(0fd3925099d980f4a940dc5ee5093923) Importer(815301076,1909f56bfc062723c751e8b465ee728b)
Start importing Assets/Scenes/CITY.fbx using Guid(0fd3925099d980f4a940dc5ee5093923) Importer(815301076,1909f56bfc062723c751e8b465ee728b)  -> (artifact id: '99d3c299b57df122be46b33fd64f7ca7') in 5.743001 seconds
  Import took 5.803342 seconds .

========================================================================
Received Import Request.
  Time since last request: 239.879915 seconds.
  path: Assets/Scenes/EXPORT_GOOGLE_SAT_WM.png
  artifactKey: Guid(9126afbc0c9fa954698abcf13e2ed2a5) Importer(815301076,1909f56bfc062723c751e8b465ee728b)
Start importing Assets/Scenes/EXPORT_GOOGLE_SAT_WM.png using Guid(9126afbc0c9fa954698abcf13e2ed2a5) Importer(815301076,1909f56bfc062723c751e8b465ee728b)  -> (artifact id: 'f7e2bfe637526b41f99719fb33f7c319') in 5.823810 seconds
  Import took 6.268623 seconds .

========================================================================
Received Prepare
Registering precompiled user dll's ...
Registered in 0.100905 seconds.
Begin MonoManager ReloadAssembly
Native extension for WindowsStandalone target not found
Native extension for WebGL target not found
Refreshing native plugins compatible for Editor in 0.53 ms, found 0 plugins.
Preloading 0 native plugins for Editor in 0.00 ms.
[ScriptCompilation] NOT recompiling all scripts because this is an import worker process. Reason to compile was: Define symbols changed
Invoked RoslynAnalysisRunner static constructor.
RoslynAnalysisRunner will not be running.
RoslynAnalysisRunner has terminated.
Mono: successfully reloaded assembly
- Completed reload, in  2.749 seconds
Platform modules already initialized, skipping
Refreshing native plugins compatible for Editor in 0.35 ms, found 0 plugins.
Preloading 0 native plugins for Editor in 0.00 ms.
Unloading 1217 Unused Serialized files (Serialized files now loaded: 0)
System memory in use before: 68.3 MB.
System memory in use after: 66.6 MB.

Unloading 33 unused Assets to reduce memory usage. Loaded Objects now: 1689.
Total: 11.249500 ms (FindLiveObjects: 0.274100 ms CreateObjectMapping: 0.074700 ms MarkObjects: 9.055000 ms  DeleteObjects: 1.842600 ms)

========================================================================
Received Import Request.
  Time since last request: 460.145096 seconds.
  path: Assets/Scenes/Materials/EXPORT_GOOGLE_SAT_WM.mat
  artifactKey: Guid(3ab238bbf66d697448b6cb85da31bc40) Importer(815301076,1909f56bfc062723c751e8b465ee728b)
Start importing Assets/Scenes/Materials/EXPORT_GOOGLE_SAT_WM.mat using Guid(3ab238bbf66d697448b6cb85da31bc40) Importer(815301076,1909f56bfc062723c751e8b465ee728b)  -> (artifact id: '9619f32cad2253cb0de87ccffb8139b4') in 0.293835 seconds
  Import took 0.302466 seconds .

========================================================================
Received Import Request.
  Time since last request: 118.697196 seconds.
  path: Assets/Scenes/New Folder
  artifactKey: Guid(26b335bfc08567d4b803979c4491d8c2) Importer(815301076,1909f56bfc062723c751e8b465ee728b)
Start importing Assets/Scenes/New Folder using Guid(26b335bfc08567d4b803979c4491d8c2) Importer(815301076,1909f56bfc062723c751e8b465ee728b)  -> (artifact id: '37300100c8291d83172b608431b4e10b') in 0.032833 seconds
  Import took 0.075891 seconds .

========================================================================
Received Import Request.
  Time since last request: 22.551770 seconds.
  path: Assets/Post processing
  artifactKey: Guid(26b335bfc08567d4b803979c4491d8c2) Importer(815301076,1909f56bfc062723c751e8b465ee728b)
Start importing Assets/Post processing using Guid(26b335bfc08567d4b803979c4491d8c2) Importer(815301076,1909f56bfc062723c751e8b465ee728b)  -> (artifact id: '156cf6c5464d0ee62185ac7a869431aa') in 0.119860 seconds
  Import took 0.131335 seconds .

========================================================================
Received Import Request.
  Time since last request: 30.456440 seconds.
  path: Assets/Post processing/Profile.asset
  artifactKey: Guid(bee964131de148748afbea2943bd6cf2) Importer(815301076,1909f56bfc062723c751e8b465ee728b)
Start importing Assets/Post processing/Profile.asset using Guid(bee964131de148748afbea2943bd6cf2) Importer(815301076,1909f56bfc062723c751e8b465ee728b)  -> (artifact id: 'bc15d2b1bf9150b89414ed90ce5222e1') in 0.072938 seconds
  Import took 0.080058 seconds .

========================================================================
Received Import Request.
  Time since last request: 68.577374 seconds.
  path: ProjectSettings/TagManager.asset
  artifactKey: Guid(00000000000000003000000000000000) Importer(815301076,1909f56bfc062723c751e8b465ee728b)
Start importing ProjectSettings/TagManager.asset using Guid(00000000000000003000000000000000) Importer(815301076,1909f56bfc062723c751e8b465ee728b)  -> (artifact id: '3feff5fae10247456117a9ccebeb351d') in 0.065965 seconds
  Import took 0.073843 seconds .

========================================================================
Received Import Request.
  Time since last request: 106.525195 seconds.
  path: Assets/Post processing/Profile.asset
  artifactKey: Guid(bee964131de148748afbea2943bd6cf2) Importer(815301076,1909f56bfc062723c751e8b465ee728b)
Start importing Assets/Post processing/Profile.asset using Guid(bee964131de148748afbea2943bd6cf2) Importer(815301076,1909f56bfc062723c751e8b465ee728b)  -> (artifact id: '068d0a69f4f0cd1717cad79b18c9b3bd') in 0.360783 seconds
  Import took 0.370926 seconds .

========================================================================
Received Prepare
Registering precompiled user dll's ...
Registered in 0.021092 seconds.
Begin MonoManager ReloadAssembly
Native extension for WindowsStandalone target not found
Native extension for WebGL target not found
Refreshing native plugins compatible for Editor in 1.23 ms, found 0 plugins.
Preloading 0 native plugins for Editor in 0.00 ms.
Invoked RoslynAnalysisRunner static constructor.
RoslynAnalysisRunner will not be running.
RoslynAnalysisRunner has terminated.
Mono: successfully reloaded assembly
- Completed reload, in 12.379 seconds
Platform modules already initialized, skipping
Refreshing native plugins compatible for Editor in 11.06 ms, found 0 plugins.
Preloading 0 native plugins for Editor in 0.00 ms.
Unloading 1217 Unused Serialized files (Serialized files now loaded: 0)
System memory in use before: 68.3 MB.
System memory in use after: 66.6 MB.

Unloading 33 unused Assets to reduce memory usage. Loaded Objects now: 1692.
Total: 73.153200 ms (FindLiveObjects: 1.034800 ms CreateObjectMapping: 0.358900 ms MarkObjects: 47.860200 ms  DeleteObjects: 23.896400 ms)

========================================================================
Received Prepare
Registering precompiled user dll's ...
Registered in 0.004806 seconds.
Begin MonoManager ReloadAssembly
Native extension for WindowsStandalone target not found
Native extension for WebGL target not found
Refreshing native plugins compatible for Editor in 1.30 ms, found 0 plugins.
Preloading 0 native plugins for Editor in 0.00 ms.
Invoked RoslynAnalysisRunner static constructor.
RoslynAnalysisRunner will not be running.
RoslynAnalysisRunner has terminated.
Mono: successfully reloaded assembly
- Completed reload, in  4.903 seconds
Platform modules already initialized, skipping
Refreshing native plugins compatible for Editor in 1.58 ms, found 0 plugins.
Preloading 0 native plugins for Editor in 0.00 ms.
Unloading 1217 Unused Serialized files (Serialized files now loaded: 0)
System memory in use before: 68.2 MB.
System memory in use after: 66.6 MB.

Unloading 32 unused Assets to reduce memory usage. Loaded Objects now: 1694.
Total: 9.420100 ms (FindLiveObjects: 1.239000 ms CreateObjectMapping: 0.165900 ms MarkObjects: 5.701800 ms  DeleteObjects: 2.308300 ms)

AssetImportWorkerClient::OnTransportError - code=2 error=End of file
