Using pre-set license
Built from '2020.2/staging' branch; Version is '2020.2.3f1 (8ff31bc5bf5b) revision 9433883'; Using compiler version '192528614'; Build Type 'Release'
OS: 'Windows 10 Pro; OS build 18363.1440; Version 1909; 64bit' Language: 'ru' Physical Memory: 4010 MB
BatchMode: 1, IsHumanControllingUs: 0, StartBugReporterOnCrash: 0, Is64bit: 1, IsPro: 0

 COMMAND LINE ARGUMENTS:
C:\Program Files\Unity\Hub\Editor\2020.2.3f1\Editor\Unity.exe
-adb2
-batchMode
-noUpm
-name
AssetImportWorker1
-projectPath
C:/Users/admin/Documents/city/city
-logFile
Logs/AssetImportWorker1.log
-srvPort
61444
Successfully changed project path to: C:/Users/admin/Documents/city/city
C:/Users/admin/Documents/city/city
Using Asset Import Pipeline V2.
Refreshing native plugins compatible for Editor in 55.53 ms, found 0 plugins.
Preloading 0 native plugins for Editor in 0.00 ms.
Initialize engine version: 2020.2.3f1 (8ff31bc5bf5b)
[Subsystems] Discovering subsystems at path C:/Program Files/Unity/Hub/Editor/2020.2.3f1/Editor/Data/Resources/UnitySubsystems
[Subsystems] Discovering subsystems at path C:/Users/admin/Documents/city/city/Assets
GfxDevice: creating device client; threaded=0
Direct3D:
    Version:  Direct3D 11.0 [level 11.1]
    Renderer: Intel(R) HD Graphics 520 (ID=0x1916)
    Vendor:   
    VRAM:     2005 MB
    Driver:   27.20.100.8681
Initialize mono
Mono path[0] = 'C:/Program Files/Unity/Hub/Editor/2020.2.3f1/Editor/Data/Managed'
Mono path[1] = 'C:/Program Files/Unity/Hub/Editor/2020.2.3f1/Editor/Data/MonoBleedingEdge/lib/mono/unityjit'
Mono config path = 'C:/Program Files/Unity/Hub/Editor/2020.2.3f1/Editor/Data/MonoBleedingEdge/etc'
Using monoOptions --debugger-agent=transport=dt_socket,embedding=1,server=y,suspend=n,address=127.0.0.1:56592
Begin MonoManager ReloadAssembly
Registering precompiled unity dll's ...
Register platform support module: C:/Program Files/Unity/Hub/Editor/2020.2.3f1/Editor/Data/PlaybackEngines/WebGLSupport/UnityEditor.WebGL.Extensions.dll
Register platform support module: C:/Program Files/Unity/Hub/Editor/2020.2.3f1/Editor/Data/PlaybackEngines/WindowsStandaloneSupport/UnityEditor.WindowsStandalone.Extensions.dll
Registered in 0.004500 seconds.
Native extension for WindowsStandalone target not found
Native extension for WebGL target not found
Refreshing native plugins compatible for Editor in 53.38 ms, found 0 plugins.
Preloading 0 native plugins for Editor in 0.00 ms.
Invoked RoslynAnalysisRunner static constructor.
RoslynAnalysisRunner will not be running.
RoslynAnalysisRunner has terminated.
Mono: successfully reloaded assembly
- Completed reload, in  3.511 seconds
Platform modules already initialized, skipping
Registering precompiled user dll's ...
Registered in 0.001441 seconds.
Begin MonoManager ReloadAssembly
Native extension for WindowsStandalone target not found
Native extension for WebGL target not found
Refreshing native plugins compatible for Editor in 0.35 ms, found 0 plugins.
Preloading 0 native plugins for Editor in 0.00 ms.
Invoked RoslynAnalysisRunner static constructor.
RoslynAnalysisRunner will not be running.
RoslynAnalysisRunner has terminated.
Mono: successfully reloaded assembly
- Completed reload, in  1.633 seconds
Platform modules already initialized, skipping
========================================================================
Worker process is ready to serve import requests
Launched and connected shader compiler UnityShaderCompiler.exe after 0.21 seconds
Refreshing native plugins compatible for Editor in 0.83 ms, found 0 plugins.
Preloading 0 native plugins for Editor in 0.00 ms.
Unloading 1222 Unused Serialized files (Serialized files now loaded: 0)
System memory in use before: 64.5 MB.
System memory in use after: 64.5 MB.

Unloading 10 unused Assets to reduce memory usage. Loaded Objects now: 1664.
Total: 14.699200 ms (FindLiveObjects: 0.503400 ms CreateObjectMapping: 0.212700 ms MarkObjects: 13.198300 ms  DeleteObjects: 0.781700 ms)

========================================================================
Received Import Request.
  path: Assets/ui
  artifactKey: Guid(20e1cebb02c04294c8739e72ae7938f2) Importer(815301076,1909f56bfc062723c751e8b465ee728b)
Start importing Assets/ui using Guid(20e1cebb02c04294c8739e72ae7938f2) Importer(815301076,1909f56bfc062723c751e8b465ee728b)  -> (artifact id: '5865b4467606cab62b063fafd92489b0') in 0.432895 seconds
  Import took 0.462451 seconds .

========================================================================
Received Import Request.
  Time since last request: 411.929911 seconds.
  path: Assets/Scenes/izh (1) Variant.prefab
  artifactKey: Guid(eee54ccdbeddcdb4f959cc1c5aa58079) Importer(815301076,1909f56bfc062723c751e8b465ee728b)
Start importing Assets/Scenes/izh (1) Variant.prefab using Guid(eee54ccdbeddcdb4f959cc1c5aa58079) Importer(815301076,1909f56bfc062723c751e8b465ee728b)  -> (artifact id: '257161ac51374d6cc2c1f162e685cfb8') in 0.373183 seconds
  Import took 0.381570 seconds .

========================================================================
Received Import Request.
  Time since last request: 382.157647 seconds.
  path: Assets/ui/+-.PNG
  artifactKey: Guid(b105b792ab2df014ba53f1bb46d0740a) Importer(815301076,1909f56bfc062723c751e8b465ee728b)
Start importing Assets/ui/+-.PNG using Guid(b105b792ab2df014ba53f1bb46d0740a) Importer(815301076,1909f56bfc062723c751e8b465ee728b)  -> (artifact id: '75df8855e88444056a78a43e9a60f174') in 0.180765 seconds
  Import took 0.189205 seconds .

========================================================================
Received Import Request.
  Time since last request: 0.000505 seconds.
  path: Assets/ui/0.PNG
  artifactKey: Guid(b5d7f6c43ade9ad4f8ebb7661c354057) Importer(815301076,1909f56bfc062723c751e8b465ee728b)
Start importing Assets/ui/0.PNG using Guid(b5d7f6c43ade9ad4f8ebb7661c354057) Importer(815301076,1909f56bfc062723c751e8b465ee728b)  -> (artifact id: 'cb43ebf8ccb501c9d6b166a2561b20cf') in 0.075400 seconds
  Import took 0.082316 seconds .

========================================================================
Received Import Request.
  Time since last request: 0.000398 seconds.
  path: Assets/ui/updown.PNG
  artifactKey: Guid(0453238d1020e75418ff2894e546a33a) Importer(815301076,1909f56bfc062723c751e8b465ee728b)
Start importing Assets/ui/updown.PNG using Guid(0453238d1020e75418ff2894e546a33a) Importer(815301076,1909f56bfc062723c751e8b465ee728b)  -> (artifact id: '09d12a1ff5cbac65436c818bb6363111') in 0.057214 seconds
  Import took 0.071599 seconds .

========================================================================
Received Import Request.
  Time since last request: 0.000607 seconds.
  path: Assets/ui/0.PNG
  artifactKey: Guid(b5d7f6c43ade9ad4f8ebb7661c354057) Importer(815301076,1909f56bfc062723c751e8b465ee728b)
Start importing Assets/ui/0.PNG using Guid(b5d7f6c43ade9ad4f8ebb7661c354057) Importer(815301076,1909f56bfc062723c751e8b465ee728b)  -> (artifact id: 'cb43ebf8ccb501c9d6b166a2561b20cf') in 0.025165 seconds
  Import took 0.030049 seconds .

========================================================================
Received Import Request.
  Time since last request: 0.000434 seconds.
  path: Assets/ui/search.PNG
  artifactKey: Guid(eb534d869d3f2f448952f6382f9c4825) Importer(815301076,1909f56bfc062723c751e8b465ee728b)
Start importing Assets/ui/search.PNG using Guid(eb534d869d3f2f448952f6382f9c4825) Importer(815301076,1909f56bfc062723c751e8b465ee728b)  -> (artifact id: 'f0216407cf8eb0487c94617749c94cd6') in 0.046667 seconds
  Import took 0.054043 seconds .

========================================================================
Received Import Request.
  Time since last request: 458.092665 seconds.
  path: Assets/ui/0.PNG
  artifactKey: Guid(b5d7f6c43ade9ad4f8ebb7661c354057) Importer(815301076,1909f56bfc062723c751e8b465ee728b)
Start importing Assets/ui/0.PNG using Guid(b5d7f6c43ade9ad4f8ebb7661c354057) Importer(815301076,1909f56bfc062723c751e8b465ee728b)  -> (artifact id: '463f3100a6c0858756183efddc072617') in 0.356884 seconds
  Import took 0.430797 seconds .

========================================================================
Received Import Request.
  Time since last request: 6.940355 seconds.
  path: Assets/ui/+-.PNG
  artifactKey: Guid(b105b792ab2df014ba53f1bb46d0740a) Importer(815301076,1909f56bfc062723c751e8b465ee728b)
Start importing Assets/ui/+-.PNG using Guid(b105b792ab2df014ba53f1bb46d0740a) Importer(815301076,1909f56bfc062723c751e8b465ee728b)  -> (artifact id: '78314481a546ce3c1150b11279ec3e19') in 0.074527 seconds
  Import took 0.087971 seconds .

========================================================================
Received Import Request.
  Time since last request: 7.642163 seconds.
  path: Assets/ui/search.PNG
  artifactKey: Guid(eb534d869d3f2f448952f6382f9c4825) Importer(815301076,1909f56bfc062723c751e8b465ee728b)
Start importing Assets/ui/search.PNG using Guid(eb534d869d3f2f448952f6382f9c4825) Importer(815301076,1909f56bfc062723c751e8b465ee728b)  -> (artifact id: 'd929d6875706774959f3ef2a67006eb1') in 0.042322 seconds
  Import took 0.048889 seconds .

========================================================================
Received Import Request.
  Time since last request: 7.987466 seconds.
  path: Assets/ui/updown.PNG
  artifactKey: Guid(0453238d1020e75418ff2894e546a33a) Importer(815301076,1909f56bfc062723c751e8b465ee728b)
Start importing Assets/ui/updown.PNG using Guid(0453238d1020e75418ff2894e546a33a) Importer(815301076,1909f56bfc062723c751e8b465ee728b)  -> (artifact id: 'be898709385d89332d3631a947c94cec') in 0.039943 seconds
  Import took 0.048558 seconds .

========================================================================
Received Import Request.
  Time since last request: 491.467579 seconds.
  path: Assets/ui/compass_needle.png
  artifactKey: Guid(b9c9ad97432903349be2b89fc1699920) Importer(815301076,1909f56bfc062723c751e8b465ee728b)
Start importing Assets/ui/compass_needle.png using Guid(b9c9ad97432903349be2b89fc1699920) Importer(815301076,1909f56bfc062723c751e8b465ee728b)  -> (artifact id: '177b789cec42fb9183ff5897864ec241') in 0.061974 seconds
  Import took 0.068699 seconds .

========================================================================
Received Import Request.
  Time since last request: 62.171302 seconds.
  path: Assets/ui/compass_needle.png
  artifactKey: Guid(b9c9ad97432903349be2b89fc1699920) Importer(815301076,1909f56bfc062723c751e8b465ee728b)
Start importing Assets/ui/compass_needle.png using Guid(b9c9ad97432903349be2b89fc1699920) Importer(815301076,1909f56bfc062723c751e8b465ee728b)  -> (artifact id: '413d3e18f13d2eb8cc45766ea9a2ac2e') in 0.036788 seconds
  Import took 0.043764 seconds .

========================================================================
Received Prepare
Registering precompiled user dll's ...
Registered in 0.002636 seconds.
Begin MonoManager ReloadAssembly
Native extension for WindowsStandalone target not found
Native extension for WebGL target not found
Refreshing native plugins compatible for Editor in 0.37 ms, found 0 plugins.
Preloading 0 native plugins for Editor in 0.00 ms.
Invoked RoslynAnalysisRunner static constructor.
RoslynAnalysisRunner will not be running.
RoslynAnalysisRunner has terminated.
Mono: successfully reloaded assembly
- Completed reload, in  3.328 seconds
Platform modules already initialized, skipping
Refreshing native plugins compatible for Editor in 0.50 ms, found 0 plugins.
Preloading 0 native plugins for Editor in 0.00 ms.
Unloading 1190 Unused Serialized files (Serialized files now loaded: 0)
System memory in use before: 65.7 MB.
System memory in use after: 65.7 MB.

Unloading 6 unused Assets to reduce memory usage. Loaded Objects now: 1686.
Total: 4.723200 ms (FindLiveObjects: 0.266800 ms CreateObjectMapping: 0.133800 ms MarkObjects: 4.194000 ms  DeleteObjects: 0.126500 ms)

========================================================================
Received Prepare
Registering precompiled user dll's ...
Registered in 0.001509 seconds.
Begin MonoManager ReloadAssembly
Native extension for WindowsStandalone target not found
Native extension for WebGL target not found
Refreshing native plugins compatible for Editor in 0.52 ms, found 0 plugins.
Preloading 0 native plugins for Editor in 0.00 ms.
Invoked RoslynAnalysisRunner static constructor.
RoslynAnalysisRunner will not be running.
RoslynAnalysisRunner has terminated.
Mono: successfully reloaded assembly
- Completed reload, in  1.766 seconds
Platform modules already initialized, skipping
Refreshing native plugins compatible for Editor in 0.56 ms, found 0 plugins.
Preloading 0 native plugins for Editor in 0.00 ms.
Unloading 1190 Unused Serialized files (Serialized files now loaded: 0)
System memory in use before: 65.7 MB.
System memory in use after: 65.8 MB.

Unloading 5 unused Assets to reduce memory usage. Loaded Objects now: 1688.
Total: 2.503400 ms (FindLiveObjects: 0.220800 ms CreateObjectMapping: 0.072800 ms MarkObjects: 2.131600 ms  DeleteObjects: 0.076100 ms)

========================================================================
Received Prepare
Registering precompiled user dll's ...
Registered in 0.002486 seconds.
Begin MonoManager ReloadAssembly
Native extension for WindowsStandalone target not found
Native extension for WebGL target not found
Refreshing native plugins compatible for Editor in 0.54 ms, found 0 plugins.
Preloading 0 native plugins for Editor in 0.00 ms.
Invoked RoslynAnalysisRunner static constructor.
RoslynAnalysisRunner will not be running.
RoslynAnalysisRunner has terminated.
Mono: successfully reloaded assembly
- Completed reload, in  1.771 seconds
Platform modules already initialized, skipping
Refreshing native plugins compatible for Editor in 0.39 ms, found 0 plugins.
Preloading 0 native plugins for Editor in 0.00 ms.
Unloading 1190 Unused Serialized files (Serialized files now loaded: 0)
System memory in use before: 65.7 MB.
System memory in use after: 65.8 MB.

Unloading 5 unused Assets to reduce memory usage. Loaded Objects now: 1690.
Total: 4.053700 ms (FindLiveObjects: 0.337500 ms CreateObjectMapping: 0.459100 ms MarkObjects: 3.173800 ms  DeleteObjects: 0.081300 ms)

========================================================================
Received Import Request.
  Time since last request: 883.283179 seconds.
  path: Assets/Scripts/ColorVisualisation.cs
  artifactKey: Guid(be165dc8eddf8154ea7009a1ad5545f2) Importer(815301076,1909f56bfc062723c751e8b465ee728b)
Start importing Assets/Scripts/ColorVisualisation.cs using Guid(be165dc8eddf8154ea7009a1ad5545f2) Importer(815301076,1909f56bfc062723c751e8b465ee728b)  -> (artifact id: 'd10a1f0cf5a90d920892d1509dce604b') in 0.039974 seconds
  Import took 0.046890 seconds .

========================================================================
Received Prepare
Registering precompiled user dll's ...
Registered in 0.003321 seconds.
Begin MonoManager ReloadAssembly
Native extension for WindowsStandalone target not found
Native extension for WebGL target not found
Refreshing native plugins compatible for Editor in 0.40 ms, found 0 plugins.
Preloading 0 native plugins for Editor in 0.00 ms.
Invoked RoslynAnalysisRunner static constructor.
RoslynAnalysisRunner will not be running.
RoslynAnalysisRunner has terminated.
Mono: successfully reloaded assembly
- Completed reload, in  2.003 seconds
Platform modules already initialized, skipping
Refreshing native plugins compatible for Editor in 0.39 ms, found 0 plugins.
Preloading 0 native plugins for Editor in 0.00 ms.
Unloading 1190 Unused Serialized files (Serialized files now loaded: 0)
System memory in use before: 65.7 MB.
System memory in use after: 65.8 MB.

Unloading 5 unused Assets to reduce memory usage. Loaded Objects now: 1692.
Total: 5.225700 ms (FindLiveObjects: 0.233500 ms CreateObjectMapping: 0.065900 ms MarkObjects: 4.773500 ms  DeleteObjects: 0.150400 ms)

========================================================================
Received Import Request.
  Time since last request: 985.916263 seconds.
  path: Assets/Scripts/TemperatureVis.cs
  artifactKey: Guid(18c2fbcfd07511a4da2de384ae42141b) Importer(815301076,1909f56bfc062723c751e8b465ee728b)
Start importing Assets/Scripts/TemperatureVis.cs using Guid(18c2fbcfd07511a4da2de384ae42141b) Importer(815301076,1909f56bfc062723c751e8b465ee728b)  -> (artifact id: 'aa317859e247f5cbe31cbc5c04a16def') in 0.048060 seconds
  Import took 0.058464 seconds .

========================================================================
Received Import Request.
  Time since last request: 10.211259 seconds.
  path: Assets/Scripts/PowerVis.cs
  artifactKey: Guid(ab6d4279a81496040bc10dfccece1193) Importer(815301076,1909f56bfc062723c751e8b465ee728b)
Start importing Assets/Scripts/PowerVis.cs using Guid(ab6d4279a81496040bc10dfccece1193) Importer(815301076,1909f56bfc062723c751e8b465ee728b)  -> (artifact id: '552e8fe7dbb2857076fd3e3b209afc37') in 0.022459 seconds
  Import took 0.033912 seconds .

========================================================================
Received Prepare
Registering precompiled user dll's ...
Registered in 0.001932 seconds.
Begin MonoManager ReloadAssembly
Native extension for WindowsStandalone target not found
Native extension for WebGL target not found
Refreshing native plugins compatible for Editor in 0.37 ms, found 0 plugins.
Preloading 0 native plugins for Editor in 0.00 ms.
Invoked RoslynAnalysisRunner static constructor.
RoslynAnalysisRunner will not be running.
RoslynAnalysisRunner has terminated.
Mono: successfully reloaded assembly
- Completed reload, in  1.611 seconds
Platform modules already initialized, skipping
Refreshing native plugins compatible for Editor in 0.35 ms, found 0 plugins.
Preloading 0 native plugins for Editor in 0.00 ms.
Unloading 1192 Unused Serialized files (Serialized files now loaded: 0)
System memory in use before: 65.8 MB.
System memory in use after: 65.8 MB.

Unloading 5 unused Assets to reduce memory usage. Loaded Objects now: 1696.
Total: 2.930900 ms (FindLiveObjects: 0.240700 ms CreateObjectMapping: 0.070600 ms MarkObjects: 2.533400 ms  DeleteObjects: 0.084100 ms)

========================================================================
Received Import Request.
  Time since last request: 13.992218 seconds.
  path: Assets/Scripts/LightVis.cs
  artifactKey: Guid(a8a3f379aeac45c4192f9692e9c3dd88) Importer(815301076,1909f56bfc062723c751e8b465ee728b)
Start importing Assets/Scripts/LightVis.cs using Guid(a8a3f379aeac45c4192f9692e9c3dd88) Importer(815301076,1909f56bfc062723c751e8b465ee728b)  -> (artifact id: 'ef4b443d204ec01fa01014f0e3b6b1d6') in 0.027184 seconds
  Import took 0.035296 seconds .

========================================================================
Received Import Request.
  Time since last request: 0.000890 seconds.
  path: Assets/Scripts/LightVis.cs
  artifactKey: Guid(a8a3f379aeac45c4192f9692e9c3dd88) Importer(815301076,1909f56bfc062723c751e8b465ee728b)
Start importing Assets/Scripts/LightVis.cs using Guid(a8a3f379aeac45c4192f9692e9c3dd88) Importer(815301076,1909f56bfc062723c751e8b465ee728b)  -> (artifact id: 'ef4b443d204ec01fa01014f0e3b6b1d6') in 0.018321 seconds
  Import took 0.027243 seconds .

========================================================================
Received Prepare
Registering precompiled user dll's ...
Registered in 0.001863 seconds.
Begin MonoManager ReloadAssembly
Native extension for WindowsStandalone target not found
Native extension for WebGL target not found
Refreshing native plugins compatible for Editor in 0.39 ms, found 0 plugins.
Preloading 0 native plugins for Editor in 0.00 ms.
Invoked RoslynAnalysisRunner static constructor.
RoslynAnalysisRunner will not be running.
RoslynAnalysisRunner has terminated.
Mono: successfully reloaded assembly
- Completed reload, in  1.679 seconds
Platform modules already initialized, skipping
Refreshing native plugins compatible for Editor in 0.82 ms, found 0 plugins.
Preloading 0 native plugins for Editor in 0.00 ms.
Unloading 1193 Unused Serialized files (Serialized files now loaded: 0)
System memory in use before: 65.8 MB.
System memory in use after: 65.9 MB.

Unloading 5 unused Assets to reduce memory usage. Loaded Objects now: 1699.
Total: 5.655400 ms (FindLiveObjects: 0.294700 ms CreateObjectMapping: 0.103700 ms MarkObjects: 5.155000 ms  DeleteObjects: 0.099700 ms)

========================================================================
Received Prepare
Registering precompiled user dll's ...
Registered in 0.011716 seconds.
Begin MonoManager ReloadAssembly
Native extension for WindowsStandalone target not found
Native extension for WebGL target not found
Refreshing native plugins compatible for Editor in 0.81 ms, found 0 plugins.
Preloading 0 native plugins for Editor in 0.00 ms.
Invoked RoslynAnalysisRunner static constructor.
RoslynAnalysisRunner will not be running.
RoslynAnalysisRunner has terminated.
Mono: successfully reloaded assembly
- Completed reload, in  2.441 seconds
Platform modules already initialized, skipping
Refreshing native plugins compatible for Editor in 0.45 ms, found 0 plugins.
Preloading 0 native plugins for Editor in 0.00 ms.
Unloading 1193 Unused Serialized files (Serialized files now loaded: 0)
System memory in use before: 65.8 MB.
System memory in use after: 65.9 MB.

Unloading 5 unused Assets to reduce memory usage. Loaded Objects now: 1701.
Total: 14.713900 ms (FindLiveObjects: 1.221000 ms CreateObjectMapping: 0.129200 ms MarkObjects: 12.532300 ms  DeleteObjects: 0.828800 ms)

========================================================================
Received Prepare
Registering precompiled user dll's ...
Registered in 0.003262 seconds.
Begin MonoManager ReloadAssembly
Native extension for WindowsStandalone target not found
Native extension for WebGL target not found
Refreshing native plugins compatible for Editor in 0.38 ms, found 0 plugins.
Preloading 0 native plugins for Editor in 0.00 ms.
Invoked RoslynAnalysisRunner static constructor.
RoslynAnalysisRunner will not be running.
RoslynAnalysisRunner has terminated.
Mono: successfully reloaded assembly
- Completed reload, in  2.596 seconds
Platform modules already initialized, skipping
Refreshing native plugins compatible for Editor in 0.36 ms, found 0 plugins.
Preloading 0 native plugins for Editor in 0.00 ms.
Unloading 1193 Unused Serialized files (Serialized files now loaded: 0)
System memory in use before: 65.8 MB.
System memory in use after: 65.9 MB.

Unloading 5 unused Assets to reduce memory usage. Loaded Objects now: 1703.
Total: 3.298900 ms (FindLiveObjects: 0.249700 ms CreateObjectMapping: 0.065300 ms MarkObjects: 2.895700 ms  DeleteObjects: 0.085800 ms)

========================================================================
Received Prepare
Registering precompiled user dll's ...
Registered in 0.001398 seconds.
Begin MonoManager ReloadAssembly
Native extension for WindowsStandalone target not found
Native extension for WebGL target not found
Refreshing native plugins compatible for Editor in 0.39 ms, found 0 plugins.
Preloading 0 native plugins for Editor in 0.00 ms.
Invoked RoslynAnalysisRunner static constructor.
RoslynAnalysisRunner will not be running.
RoslynAnalysisRunner has terminated.
Mono: successfully reloaded assembly
- Completed reload, in  1.807 seconds
Platform modules already initialized, skipping
Refreshing native plugins compatible for Editor in 0.35 ms, found 0 plugins.
Preloading 0 native plugins for Editor in 0.00 ms.
Unloading 1193 Unused Serialized files (Serialized files now loaded: 0)
System memory in use before: 65.8 MB.
System memory in use after: 65.9 MB.

Unloading 5 unused Assets to reduce memory usage. Loaded Objects now: 1705.
Total: 2.601500 ms (FindLiveObjects: 0.202300 ms CreateObjectMapping: 0.061600 ms MarkObjects: 2.187000 ms  DeleteObjects: 0.148500 ms)

========================================================================
Received Prepare
Registering precompiled user dll's ...
Registered in 0.001742 seconds.
Begin MonoManager ReloadAssembly
Native extension for WindowsStandalone target not found
Native extension for WebGL target not found
Refreshing native plugins compatible for Editor in 0.66 ms, found 0 plugins.
Preloading 0 native plugins for Editor in 0.00 ms.
Invoked RoslynAnalysisRunner static constructor.
RoslynAnalysisRunner will not be running.
RoslynAnalysisRunner has terminated.
Mono: successfully reloaded assembly
- Completed reload, in  2.912 seconds
Platform modules already initialized, skipping
Refreshing native plugins compatible for Editor in 0.60 ms, found 0 plugins.
Preloading 0 native plugins for Editor in 0.00 ms.
Unloading 1193 Unused Serialized files (Serialized files now loaded: 0)
System memory in use before: 65.8 MB.
System memory in use after: 65.9 MB.

Unloading 5 unused Assets to reduce memory usage. Loaded Objects now: 1707.
Total: 5.020900 ms (FindLiveObjects: 0.684500 ms CreateObjectMapping: 0.295700 ms MarkObjects: 3.936100 ms  DeleteObjects: 0.102100 ms)

========================================================================
Received Prepare
Registering precompiled user dll's ...
Registered in 0.001608 seconds.
Begin MonoManager ReloadAssembly
Native extension for WindowsStandalone target not found
Native extension for WebGL target not found
Refreshing native plugins compatible for Editor in 0.35 ms, found 0 plugins.
Preloading 0 native plugins for Editor in 0.00 ms.
Invoked RoslynAnalysisRunner static constructor.
RoslynAnalysisRunner will not be running.
RoslynAnalysisRunner has terminated.
Mono: successfully reloaded assembly
- Completed reload, in  1.774 seconds
Platform modules already initialized, skipping
Refreshing native plugins compatible for Editor in 0.36 ms, found 0 plugins.
Preloading 0 native plugins for Editor in 0.00 ms.
Unloading 1193 Unused Serialized files (Serialized files now loaded: 0)
System memory in use before: 65.8 MB.
System memory in use after: 65.9 MB.

Unloading 5 unused Assets to reduce memory usage. Loaded Objects now: 1709.
Total: 3.289500 ms (FindLiveObjects: 0.245800 ms CreateObjectMapping: 0.124600 ms MarkObjects: 2.831000 ms  DeleteObjects: 0.086000 ms)

========================================================================
Received Prepare
Registering precompiled user dll's ...
Registered in 0.002325 seconds.
Begin MonoManager ReloadAssembly
Native extension for WindowsStandalone target not found
Native extension for WebGL target not found
Refreshing native plugins compatible for Editor in 0.72 ms, found 0 plugins.
Preloading 0 native plugins for Editor in 0.00 ms.
Invoked RoslynAnalysisRunner static constructor.
RoslynAnalysisRunner will not be running.
RoslynAnalysisRunner has terminated.
Mono: successfully reloaded assembly
- Completed reload, in  2.850 seconds
Platform modules already initialized, skipping
Refreshing native plugins compatible for Editor in 1.84 ms, found 0 plugins.
Preloading 0 native plugins for Editor in 0.00 ms.
Unloading 1193 Unused Serialized files (Serialized files now loaded: 0)
System memory in use before: 65.8 MB.
System memory in use after: 65.9 MB.

Unloading 5 unused Assets to reduce memory usage. Loaded Objects now: 1711.
Total: 4.130400 ms (FindLiveObjects: 0.255500 ms CreateObjectMapping: 0.086200 ms MarkObjects: 3.688200 ms  DeleteObjects: 0.096000 ms)

========================================================================
Received Prepare
Registering precompiled user dll's ...
Registered in 0.002136 seconds.
Begin MonoManager ReloadAssembly
Native extension for WindowsStandalone target not found
Native extension for WebGL target not found
Refreshing native plugins compatible for Editor in 0.67 ms, found 0 plugins.
Preloading 0 native plugins for Editor in 0.00 ms.
Invoked RoslynAnalysisRunner static constructor.
RoslynAnalysisRunner will not be running.
RoslynAnalysisRunner has terminated.
Mono: successfully reloaded assembly
- Completed reload, in  2.241 seconds
Platform modules already initialized, skipping
Refreshing native plugins compatible for Editor in 0.51 ms, found 0 plugins.
Preloading 0 native plugins for Editor in 0.00 ms.
Unloading 1193 Unused Serialized files (Serialized files now loaded: 0)
System memory in use before: 65.8 MB.
System memory in use after: 65.9 MB.

Unloading 5 unused Assets to reduce memory usage. Loaded Objects now: 1713.
Total: 6.029500 ms (FindLiveObjects: 0.667500 ms CreateObjectMapping: 0.637700 ms MarkObjects: 4.481700 ms  DeleteObjects: 0.234500 ms)

========================================================================
Received Prepare
Registering precompiled user dll's ...
Registered in 0.001434 seconds.
Begin MonoManager ReloadAssembly
Native extension for WindowsStandalone target not found
Native extension for WebGL target not found
Refreshing native plugins compatible for Editor in 0.67 ms, found 0 plugins.
Preloading 0 native plugins for Editor in 0.00 ms.
Invoked RoslynAnalysisRunner static constructor.
RoslynAnalysisRunner will not be running.
RoslynAnalysisRunner has terminated.
Mono: successfully reloaded assembly
- Completed reload, in  2.647 seconds
Platform modules already initialized, skipping
Refreshing native plugins compatible for Editor in 0.76 ms, found 0 plugins.
Preloading 0 native plugins for Editor in 0.00 ms.
Unloading 1193 Unused Serialized files (Serialized files now loaded: 0)
System memory in use before: 65.8 MB.
System memory in use after: 65.9 MB.

Unloading 5 unused Assets to reduce memory usage. Loaded Objects now: 1715.
Total: 5.215800 ms (FindLiveObjects: 0.509700 ms CreateObjectMapping: 0.208100 ms MarkObjects: 4.226600 ms  DeleteObjects: 0.264000 ms)

========================================================================
Received Prepare
Registering precompiled user dll's ...
Registered in 0.036795 seconds.
Begin MonoManager ReloadAssembly
Native extension for WindowsStandalone target not found
Native extension for WebGL target not found
Refreshing native plugins compatible for Editor in 0.57 ms, found 0 plugins.
Preloading 0 native plugins for Editor in 0.00 ms.
Invoked RoslynAnalysisRunner static constructor.
RoslynAnalysisRunner will not be running.
RoslynAnalysisRunner has terminated.
Mono: successfully reloaded assembly
- Completed reload, in  3.030 seconds
Platform modules already initialized, skipping
Refreshing native plugins compatible for Editor in 0.37 ms, found 0 plugins.
Preloading 0 native plugins for Editor in 0.00 ms.
Unloading 1193 Unused Serialized files (Serialized files now loaded: 0)
System memory in use before: 65.8 MB.
System memory in use after: 65.9 MB.

Unloading 5 unused Assets to reduce memory usage. Loaded Objects now: 1717.
Total: 8.571000 ms (FindLiveObjects: 0.471700 ms CreateObjectMapping: 0.128500 ms MarkObjects: 7.110100 ms  DeleteObjects: 0.858100 ms)

========================================================================
Received Import Request.
  Time since last request: 3442.471881 seconds.
  path: Assets/Scenes/izh (1) Variant.prefab
  artifactKey: Guid(eee54ccdbeddcdb4f959cc1c5aa58079) Importer(815301076,1909f56bfc062723c751e8b465ee728b)
Start importing Assets/Scenes/izh (1) Variant.prefab using Guid(eee54ccdbeddcdb4f959cc1c5aa58079) Importer(815301076,1909f56bfc062723c751e8b465ee728b)  -> (artifact id: 'e9b4d1cb112aa76121391c24304ba8df') in 0.350709 seconds
  Import took 0.360978 seconds .

========================================================================
Received Import Request.
  Time since last request: 2.146116 seconds.
  path: Assets/Scripts/ColorVisualisation.cs
  artifactKey: Guid(be165dc8eddf8154ea7009a1ad5545f2) Importer(815301076,1909f56bfc062723c751e8b465ee728b)
Start importing Assets/Scripts/ColorVisualisation.cs using Guid(be165dc8eddf8154ea7009a1ad5545f2) Importer(815301076,1909f56bfc062723c751e8b465ee728b)  -> (artifact id: '64e3a386890004e947966aaee3268d70') in 0.017627 seconds
  Import took 0.025304 seconds .

========================================================================
Received Prepare
Registering precompiled user dll's ...
Registered in 0.001847 seconds.
Begin MonoManager ReloadAssembly
Native extension for WindowsStandalone target not found
Native extension for WebGL target not found
Refreshing native plugins compatible for Editor in 0.37 ms, found 0 plugins.
Preloading 0 native plugins for Editor in 0.00 ms.
Invoked RoslynAnalysisRunner static constructor.
RoslynAnalysisRunner will not be running.
RoslynAnalysisRunner has terminated.
Mono: successfully reloaded assembly
- Completed reload, in  1.652 seconds
Platform modules already initialized, skipping
Refreshing native plugins compatible for Editor in 0.38 ms, found 0 plugins.
Preloading 0 native plugins for Editor in 0.00 ms.
Unloading 1193 Unused Serialized files (Serialized files now loaded: 0)
System memory in use before: 65.9 MB.
System memory in use after: 66.0 MB.

Unloading 6 unused Assets to reduce memory usage. Loaded Objects now: 1720.
Total: 3.151400 ms (FindLiveObjects: 0.258100 ms CreateObjectMapping: 0.069500 ms MarkObjects: 2.743200 ms  DeleteObjects: 0.078800 ms)

========================================================================
Received Prepare
Registering precompiled user dll's ...
Registered in 0.005557 seconds.
Begin MonoManager ReloadAssembly
Native extension for WindowsStandalone target not found
Native extension for WebGL target not found
Refreshing native plugins compatible for Editor in 0.58 ms, found 0 plugins.
Preloading 0 native plugins for Editor in 0.00 ms.
Invoked RoslynAnalysisRunner static constructor.
RoslynAnalysisRunner will not be running.
RoslynAnalysisRunner has terminated.
Mono: successfully reloaded assembly
- Completed reload, in  2.195 seconds
Platform modules already initialized, skipping
Refreshing native plugins compatible for Editor in 0.35 ms, found 0 plugins.
Preloading 0 native plugins for Editor in 0.00 ms.
Unloading 1193 Unused Serialized files (Serialized files now loaded: 0)
System memory in use before: 65.9 MB.
System memory in use after: 66.0 MB.

Unloading 5 unused Assets to reduce memory usage. Loaded Objects now: 1722.
Total: 7.346600 ms (FindLiveObjects: 0.822200 ms CreateObjectMapping: 0.848500 ms MarkObjects: 5.184500 ms  DeleteObjects: 0.475700 ms)

========================================================================
Received Prepare
Registering precompiled user dll's ...
Registered in 0.001388 seconds.
Begin MonoManager ReloadAssembly
Native extension for WindowsStandalone target not found
Native extension for WebGL target not found
Refreshing native plugins compatible for Editor in 0.40 ms, found 0 plugins.
Preloading 0 native plugins for Editor in 0.00 ms.
Invoked RoslynAnalysisRunner static constructor.
RoslynAnalysisRunner will not be running.
RoslynAnalysisRunner has terminated.
Mono: successfully reloaded assembly
- Completed reload, in  1.927 seconds
Platform modules already initialized, skipping
Refreshing native plugins compatible for Editor in 0.67 ms, found 0 plugins.
Preloading 0 native plugins for Editor in 0.00 ms.
Unloading 1193 Unused Serialized files (Serialized files now loaded: 0)
System memory in use before: 65.9 MB.
System memory in use after: 66.0 MB.

Unloading 5 unused Assets to reduce memory usage. Loaded Objects now: 1724.
Total: 3.458600 ms (FindLiveObjects: 0.290800 ms CreateObjectMapping: 0.097100 ms MarkObjects: 2.932500 ms  DeleteObjects: 0.135600 ms)

========================================================================
Received Prepare
Registering precompiled user dll's ...
Registered in 0.001733 seconds.
Begin MonoManager ReloadAssembly
Native extension for WindowsStandalone target not found
Native extension for WebGL target not found
Refreshing native plugins compatible for Editor in 0.41 ms, found 0 plugins.
Preloading 0 native plugins for Editor in 0.00 ms.
Invoked RoslynAnalysisRunner static constructor.
RoslynAnalysisRunner will not be running.
RoslynAnalysisRunner has terminated.
Mono: successfully reloaded assembly
- Completed reload, in  2.566 seconds
Platform modules already initialized, skipping
Refreshing native plugins compatible for Editor in 0.46 ms, found 0 plugins.
Preloading 0 native plugins for Editor in 0.00 ms.
Unloading 1193 Unused Serialized files (Serialized files now loaded: 0)
System memory in use before: 65.9 MB.
System memory in use after: 66.0 MB.

Unloading 5 unused Assets to reduce memory usage. Loaded Objects now: 1726.
Total: 4.431200 ms (FindLiveObjects: 0.367900 ms CreateObjectMapping: 0.164200 ms MarkObjects: 3.679500 ms  DeleteObjects: 0.216800 ms)

========================================================================
Received Prepare
Registering precompiled user dll's ...
Registered in 0.001412 seconds.
Begin MonoManager ReloadAssembly
Native extension for WindowsStandalone target not found
Native extension for WebGL target not found
Refreshing native plugins compatible for Editor in 0.37 ms, found 0 plugins.
Preloading 0 native plugins for Editor in 0.00 ms.
Invoked RoslynAnalysisRunner static constructor.
RoslynAnalysisRunner will not be running.
RoslynAnalysisRunner has terminated.
Mono: successfully reloaded assembly
- Completed reload, in  1.537 seconds
Platform modules already initialized, skipping
Refreshing native plugins compatible for Editor in 0.45 ms, found 0 plugins.
Preloading 0 native plugins for Editor in 0.00 ms.
Unloading 1193 Unused Serialized files (Serialized files now loaded: 0)
System memory in use before: 65.9 MB.
System memory in use after: 66.0 MB.

Unloading 5 unused Assets to reduce memory usage. Loaded Objects now: 1728.
Total: 4.682600 ms (FindLiveObjects: 0.243300 ms CreateObjectMapping: 0.134700 ms MarkObjects: 4.188500 ms  DeleteObjects: 0.113500 ms)

========================================================================
Received Prepare
Registering precompiled user dll's ...
Registered in 0.002756 seconds.
Begin MonoManager ReloadAssembly
Native extension for WindowsStandalone target not found
Native extension for WebGL target not found
Refreshing native plugins compatible for Editor in 1.03 ms, found 0 plugins.
Preloading 0 native plugins for Editor in 0.00 ms.
Invoked RoslynAnalysisRunner static constructor.
RoslynAnalysisRunner will not be running.
RoslynAnalysisRunner has terminated.
Mono: successfully reloaded assembly
- Completed reload, in  3.442 seconds
Platform modules already initialized, skipping
Refreshing native plugins compatible for Editor in 0.63 ms, found 0 plugins.
Preloading 0 native plugins for Editor in 0.00 ms.
Unloading 1193 Unused Serialized files (Serialized files now loaded: 0)
System memory in use before: 65.9 MB.
System memory in use after: 66.0 MB.

Unloading 5 unused Assets to reduce memory usage. Loaded Objects now: 1730.
Total: 4.038200 ms (FindLiveObjects: 0.262300 ms CreateObjectMapping: 0.069800 ms MarkObjects: 3.365900 ms  DeleteObjects: 0.337400 ms)

========================================================================
Received Import Request.
  Time since last request: 1836.126954 seconds.
  path: Assets/ui/sheme.png
  artifactKey: Guid(fe1fb0fa3e9db8f4295f4a14c88c9dbd) Importer(815301076,1909f56bfc062723c751e8b465ee728b)
Start importing Assets/ui/sheme.png using Guid(fe1fb0fa3e9db8f4295f4a14c88c9dbd) Importer(815301076,1909f56bfc062723c751e8b465ee728b)  -> (artifact id: '7e2a74ab19dac3d0e5c1d5389f5518d0') in 0.200430 seconds
  Import took 0.208549 seconds .

========================================================================
Received Import Request.
  Time since last request: 16.039765 seconds.
  path: Assets/ui/sheme.png
  artifactKey: Guid(fe1fb0fa3e9db8f4295f4a14c88c9dbd) Importer(815301076,1909f56bfc062723c751e8b465ee728b)
Start importing Assets/ui/sheme.png using Guid(fe1fb0fa3e9db8f4295f4a14c88c9dbd) Importer(815301076,1909f56bfc062723c751e8b465ee728b)  -> (artifact id: 'ea845cda6b6e6f5c7892852db202b603') in 0.144923 seconds
  Import took 0.153687 seconds .

========================================================================
Received Prepare
Registering precompiled user dll's ...
Registered in 0.002160 seconds.
Begin MonoManager ReloadAssembly
Native extension for WindowsStandalone target not found
Native extension for WebGL target not found
Refreshing native plugins compatible for Editor in 0.37 ms, found 0 plugins.
Preloading 0 native plugins for Editor in 0.00 ms.
Invoked RoslynAnalysisRunner static constructor.
RoslynAnalysisRunner will not be running.
RoslynAnalysisRunner has terminated.
Mono: successfully reloaded assembly
- Completed reload, in  2.049 seconds
Platform modules already initialized, skipping
Refreshing native plugins compatible for Editor in 0.68 ms, found 0 plugins.
Preloading 0 native plugins for Editor in 0.00 ms.
Unloading 1193 Unused Serialized files (Serialized files now loaded: 0)
System memory in use before: 65.9 MB.
System memory in use after: 66.0 MB.

Unloading 5 unused Assets to reduce memory usage. Loaded Objects now: 1736.
Total: 5.086600 ms (FindLiveObjects: 0.352400 ms CreateObjectMapping: 0.129100 ms MarkObjects: 4.465800 ms  DeleteObjects: 0.135700 ms)

========================================================================
Received Prepare
Registering precompiled user dll's ...
Registered in 0.001605 seconds.
Begin MonoManager ReloadAssembly
Native extension for WindowsStandalone target not found
Native extension for WebGL target not found
Refreshing native plugins compatible for Editor in 1.90 ms, found 0 plugins.
Preloading 0 native plugins for Editor in 0.00 ms.
Invoked RoslynAnalysisRunner static constructor.
RoslynAnalysisRunner will not be running.
RoslynAnalysisRunner has terminated.
Mono: successfully reloaded assembly
- Completed reload, in  3.885 seconds
Platform modules already initialized, skipping
Refreshing native plugins compatible for Editor in 0.54 ms, found 0 plugins.
Preloading 0 native plugins for Editor in 0.00 ms.
Unloading 1193 Unused Serialized files (Serialized files now loaded: 0)
System memory in use before: 65.9 MB.
System memory in use after: 66.0 MB.

Unloading 5 unused Assets to reduce memory usage. Loaded Objects now: 1738.
Total: 3.181900 ms (FindLiveObjects: 0.245900 ms CreateObjectMapping: 0.074600 ms MarkObjects: 2.685500 ms  DeleteObjects: 0.173300 ms)

========================================================================
Received Import Request.
  Time since last request: 605.514211 seconds.
  path: Assets/Scenes/izh (1) Variant.prefab
  artifactKey: Guid(eee54ccdbeddcdb4f959cc1c5aa58079) Importer(815301076,1909f56bfc062723c751e8b465ee728b)
Start importing Assets/Scenes/izh (1) Variant.prefab using Guid(eee54ccdbeddcdb4f959cc1c5aa58079) Importer(815301076,1909f56bfc062723c751e8b465ee728b)  -> (artifact id: 'aa6d098a09cac0037a4ace2b8206c5af') in 0.392133 seconds
  Import took 0.476259 seconds .

========================================================================
Received Import Request.
  Time since last request: 449.885395 seconds.
  path: Assets/Scenes/home_Profiles/Camera Profile.asset
  artifactKey: Guid(f37dc189bbeb8f54eb743bcfa77a415a) Importer(815301076,1909f56bfc062723c751e8b465ee728b)
Start importing Assets/Scenes/home_Profiles/Camera Profile.asset using Guid(f37dc189bbeb8f54eb743bcfa77a415a) Importer(815301076,1909f56bfc062723c751e8b465ee728b)  -> (artifact id: '3688986f992b449750e6ee2567cb84ba') in 0.133891 seconds
  Import took 0.157844 seconds .

========================================================================
Received Prepare
Registering precompiled user dll's ...
Registered in 0.003429 seconds.
Begin MonoManager ReloadAssembly
Native extension for WindowsStandalone target not found
Native extension for WebGL target not found
Refreshing native plugins compatible for Editor in 0.79 ms, found 0 plugins.
Preloading 0 native plugins for Editor in 0.00 ms.
Invoked RoslynAnalysisRunner static constructor.
RoslynAnalysisRunner will not be running.
RoslynAnalysisRunner has terminated.
Mono: successfully reloaded assembly
- Completed reload, in  5.951 seconds
Platform modules already initialized, skipping
Refreshing native plugins compatible for Editor in 0.37 ms, found 0 plugins.
Preloading 0 native plugins for Editor in 0.00 ms.
Unloading 1193 Unused Serialized files (Serialized files now loaded: 0)
System memory in use before: 66.0 MB.
System memory in use after: 66.0 MB.

Unloading 6 unused Assets to reduce memory usage. Loaded Objects now: 1741.
Total: 23.731800 ms (FindLiveObjects: 9.572300 ms CreateObjectMapping: 0.211800 ms MarkObjects: 11.983100 ms  DeleteObjects: 1.947800 ms)

========================================================================
Received Prepare
Registering precompiled user dll's ...
Registered in 0.007571 seconds.
Begin MonoManager ReloadAssembly
Native extension for WindowsStandalone target not found
Native extension for WebGL target not found
Refreshing native plugins compatible for Editor in 0.85 ms, found 0 plugins.
Preloading 0 native plugins for Editor in 0.00 ms.
Invoked RoslynAnalysisRunner static constructor.
RoslynAnalysisRunner will not be running.
RoslynAnalysisRunner has terminated.
Mono: successfully reloaded assembly
- Completed reload, in  3.873 seconds
Platform modules already initialized, skipping
Refreshing native plugins compatible for Editor in 3.08 ms, found 0 plugins.
Preloading 0 native plugins for Editor in 0.00 ms.
Unloading 1193 Unused Serialized files (Serialized files now loaded: 0)
System memory in use before: 65.9 MB.
System memory in use after: 66.0 MB.

Unloading 5 unused Assets to reduce memory usage. Loaded Objects now: 1743.
Total: 35.246100 ms (FindLiveObjects: 3.631000 ms CreateObjectMapping: 0.217200 ms MarkObjects: 29.935500 ms  DeleteObjects: 1.459500 ms)

========================================================================
Received Prepare
Registering precompiled user dll's ...
Registered in 0.002763 seconds.
Begin MonoManager ReloadAssembly
Native extension for WindowsStandalone target not found
Native extension for WebGL target not found
Refreshing native plugins compatible for Editor in 0.57 ms, found 0 plugins.
Preloading 0 native plugins for Editor in 0.00 ms.
Invoked RoslynAnalysisRunner static constructor.
RoslynAnalysisRunner will not be running.
RoslynAnalysisRunner has terminated.
Mono: successfully reloaded assembly
- Completed reload, in  2.941 seconds
Platform modules already initialized, skipping
Refreshing native plugins compatible for Editor in 1.21 ms, found 0 plugins.
Preloading 0 native plugins for Editor in 0.00 ms.
Unloading 1193 Unused Serialized files (Serialized files now loaded: 0)
System memory in use before: 66.0 MB.
System memory in use after: 66.0 MB.

Unloading 5 unused Assets to reduce memory usage. Loaded Objects now: 1745.
Total: 4.939000 ms (FindLiveObjects: 0.486300 ms CreateObjectMapping: 0.131500 ms MarkObjects: 3.887200 ms  DeleteObjects: 0.431600 ms)

========================================================================
Received Prepare
Registering precompiled user dll's ...
Registered in 0.002117 seconds.
Begin MonoManager ReloadAssembly
Native extension for WindowsStandalone target not found
Native extension for WebGL target not found
Refreshing native plugins compatible for Editor in 0.39 ms, found 0 plugins.
Preloading 0 native plugins for Editor in 0.00 ms.
Invoked RoslynAnalysisRunner static constructor.
RoslynAnalysisRunner will not be running.
RoslynAnalysisRunner has terminated.
Mono: successfully reloaded assembly
- Completed reload, in  1.857 seconds
Platform modules already initialized, skipping
Refreshing native plugins compatible for Editor in 0.54 ms, found 0 plugins.
Preloading 0 native plugins for Editor in 0.00 ms.
Unloading 1193 Unused Serialized files (Serialized files now loaded: 0)
System memory in use before: 66.0 MB.
System memory in use after: 66.0 MB.

Unloading 5 unused Assets to reduce memory usage. Loaded Objects now: 1747.
Total: 4.823700 ms (FindLiveObjects: 0.455700 ms CreateObjectMapping: 0.136200 ms MarkObjects: 4.129500 ms  DeleteObjects: 0.099900 ms)

========================================================================
Received Prepare
Registering precompiled user dll's ...
Registered in 0.001840 seconds.
Begin MonoManager ReloadAssembly
Native extension for WindowsStandalone target not found
Native extension for WebGL target not found
Refreshing native plugins compatible for Editor in 0.61 ms, found 0 plugins.
Preloading 0 native plugins for Editor in 0.00 ms.
Invoked RoslynAnalysisRunner static constructor.
RoslynAnalysisRunner will not be running.
RoslynAnalysisRunner has terminated.
Mono: successfully reloaded assembly
- Completed reload, in  1.882 seconds
Platform modules already initialized, skipping
Refreshing native plugins compatible for Editor in 0.35 ms, found 0 plugins.
Preloading 0 native plugins for Editor in 0.00 ms.
Unloading 1193 Unused Serialized files (Serialized files now loaded: 0)
System memory in use before: 66.0 MB.
System memory in use after: 66.0 MB.

Unloading 5 unused Assets to reduce memory usage. Loaded Objects now: 1749.
Total: 2.592700 ms (FindLiveObjects: 0.220100 ms CreateObjectMapping: 0.061700 ms MarkObjects: 2.227800 ms  DeleteObjects: 0.081500 ms)

========================================================================
Received Prepare
Registering precompiled user dll's ...
Registered in 0.001553 seconds.
Begin MonoManager ReloadAssembly
Native extension for WindowsStandalone target not found
Native extension for WebGL target not found
Refreshing native plugins compatible for Editor in 0.44 ms, found 0 plugins.
Preloading 0 native plugins for Editor in 0.00 ms.
Invoked RoslynAnalysisRunner static constructor.
RoslynAnalysisRunner will not be running.
RoslynAnalysisRunner has terminated.
Mono: successfully reloaded assembly
- Completed reload, in  2.489 seconds
Platform modules already initialized, skipping
Refreshing native plugins compatible for Editor in 0.45 ms, found 0 plugins.
Preloading 0 native plugins for Editor in 0.00 ms.
Unloading 1193 Unused Serialized files (Serialized files now loaded: 0)
System memory in use before: 66.0 MB.
System memory in use after: 66.0 MB.

Unloading 5 unused Assets to reduce memory usage. Loaded Objects now: 1751.
Total: 3.182300 ms (FindLiveObjects: 0.299000 ms CreateObjectMapping: 0.091500 ms MarkObjects: 2.693300 ms  DeleteObjects: 0.096700 ms)

========================================================================
Received Prepare
Registering precompiled user dll's ...
Registered in 0.001440 seconds.
Begin MonoManager ReloadAssembly
Native extension for WindowsStandalone target not found
Native extension for WebGL target not found
Refreshing native plugins compatible for Editor in 0.42 ms, found 0 plugins.
Preloading 0 native plugins for Editor in 0.00 ms.
Invoked RoslynAnalysisRunner static constructor.
RoslynAnalysisRunner will not be running.
RoslynAnalysisRunner has terminated.
Mono: successfully reloaded assembly
- Completed reload, in  2.062 seconds
Platform modules already initialized, skipping
Refreshing native plugins compatible for Editor in 0.38 ms, found 0 plugins.
Preloading 0 native plugins for Editor in 0.00 ms.
Unloading 1193 Unused Serialized files (Serialized files now loaded: 0)
System memory in use before: 66.0 MB.
System memory in use after: 66.1 MB.

Unloading 5 unused Assets to reduce memory usage. Loaded Objects now: 1753.
Total: 3.129400 ms (FindLiveObjects: 0.364100 ms CreateObjectMapping: 0.112100 ms MarkObjects: 2.549000 ms  DeleteObjects: 0.102200 ms)

========================================================================
Received Prepare
Registering precompiled user dll's ...
Registered in 0.002090 seconds.
Begin MonoManager ReloadAssembly
Native extension for WindowsStandalone target not found
Native extension for WebGL target not found
Refreshing native plugins compatible for Editor in 0.61 ms, found 0 plugins.
Preloading 0 native plugins for Editor in 0.00 ms.
Invoked RoslynAnalysisRunner static constructor.
RoslynAnalysisRunner will not be running.
RoslynAnalysisRunner has terminated.
Mono: successfully reloaded assembly
- Completed reload, in  1.935 seconds
Platform modules already initialized, skipping
Refreshing native plugins compatible for Editor in 0.49 ms, found 0 plugins.
Preloading 0 native plugins for Editor in 0.00 ms.
Unloading 1193 Unused Serialized files (Serialized files now loaded: 0)
System memory in use before: 66.0 MB.
System memory in use after: 66.1 MB.

Unloading 5 unused Assets to reduce memory usage. Loaded Objects now: 1755.
Total: 3.874300 ms (FindLiveObjects: 0.317800 ms CreateObjectMapping: 0.098000 ms MarkObjects: 3.343300 ms  DeleteObjects: 0.113300 ms)

========================================================================
Received Prepare
Registering precompiled user dll's ...
Registered in 0.001412 seconds.
Begin MonoManager ReloadAssembly
Native extension for WindowsStandalone target not found
Native extension for WebGL target not found
Refreshing native plugins compatible for Editor in 0.45 ms, found 0 plugins.
Preloading 0 native plugins for Editor in 0.00 ms.
Invoked RoslynAnalysisRunner static constructor.
RoslynAnalysisRunner will not be running.
RoslynAnalysisRunner has terminated.
Mono: successfully reloaded assembly
- Completed reload, in  1.875 seconds
Platform modules already initialized, skipping
Refreshing native plugins compatible for Editor in 0.58 ms, found 0 plugins.
Preloading 0 native plugins for Editor in 0.00 ms.
Unloading 1193 Unused Serialized files (Serialized files now loaded: 0)
System memory in use before: 66.0 MB.
System memory in use after: 66.1 MB.

Unloading 5 unused Assets to reduce memory usage. Loaded Objects now: 1757.
Total: 4.268200 ms (FindLiveObjects: 0.378700 ms CreateObjectMapping: 0.127100 ms MarkObjects: 3.655100 ms  DeleteObjects: 0.105100 ms)

========================================================================
Received Prepare
Registering precompiled user dll's ...
Registered in 0.005329 seconds.
Begin MonoManager ReloadAssembly
Native extension for WindowsStandalone target not found
Native extension for WebGL target not found
Refreshing native plugins compatible for Editor in 0.62 ms, found 0 plugins.
Preloading 0 native plugins for Editor in 0.00 ms.
Invoked RoslynAnalysisRunner static constructor.
RoslynAnalysisRunner will not be running.
RoslynAnalysisRunner has terminated.
Mono: successfully reloaded assembly
- Completed reload, in  7.704 seconds
Platform modules already initialized, skipping
Refreshing native plugins compatible for Editor in 0.37 ms, found 0 plugins.
Preloading 0 native plugins for Editor in 0.00 ms.
Unloading 1193 Unused Serialized files (Serialized files now loaded: 0)
System memory in use before: 66.0 MB.
System memory in use after: 66.1 MB.

Unloading 5 unused Assets to reduce memory usage. Loaded Objects now: 1759.
Total: 7.589000 ms (FindLiveObjects: 0.335700 ms CreateObjectMapping: 0.099300 ms MarkObjects: 6.530100 ms  DeleteObjects: 0.621700 ms)

========================================================================
Received Prepare
Registering precompiled user dll's ...
Registered in 0.012090 seconds.
Begin MonoManager ReloadAssembly
Native extension for WindowsStandalone target not found
Native extension for WebGL target not found
Refreshing native plugins compatible for Editor in 1.57 ms, found 0 plugins.
Preloading 0 native plugins for Editor in 0.00 ms.
Invoked RoslynAnalysisRunner static constructor.
RoslynAnalysisRunner will not be running.
RoslynAnalysisRunner has terminated.
Mono: successfully reloaded assembly
- Completed reload, in  7.868 seconds
Platform modules already initialized, skipping
Refreshing native plugins compatible for Editor in 0.89 ms, found 0 plugins.
Preloading 0 native plugins for Editor in 0.00 ms.
Unloading 1193 Unused Serialized files (Serialized files now loaded: 0)
System memory in use before: 66.0 MB.
System memory in use after: 66.1 MB.

Unloading 5 unused Assets to reduce memory usage. Loaded Objects now: 1761.
Total: 30.811700 ms (FindLiveObjects: 4.049400 ms CreateObjectMapping: 0.192100 ms MarkObjects: 24.828000 ms  DeleteObjects: 1.737600 ms)

